build/app/intermediates/manifest_merge_blame_file/release/manifest-merger-blame-release-report.txt
1<?xml version="1.0" encoding="utf-8"?>
2<manifest xmlns:android="http://schemas.android.com/apk/res/android"
3    package="com.example.limona"
4    android:versionCode="1"
5    android:versionName="1.0.0" >
6
7    <uses-sdk
8        android:minSdkVersion="20"
8-->src\main\AndroidManifest.xml
9        android:targetSdkVersion="33" />
9-->src\main\AndroidManifest.xml
10
11    <uses-permission android:name="android.permission.ACCESS_COARSE_LOCATION" />
11-->src\main\AndroidManifest.xml:36:5-81
11-->src\main\AndroidManifest.xml:36:22-78
12    <uses-permission android:name="android.permission.ACCESS_FINE_LOCATION" />
12-->src\main\AndroidManifest.xml:37:5-79
12-->src\main\AndroidManifest.xml:37:22-76
13    <uses-permission android:name="android.permission.INTERNET" />
13-->src\main\AndroidManifest.xml:38:5-67
13-->src\main\AndroidManifest.xml:38:22-64
14    <uses-permission android:name="android.permission.READ_EXTERNAL_STORAGE" />
14-->[:image_picker] AndroidManifest.xml:9:5-80
14-->[:image_picker] AndroidManifest.xml:9:22-77
15    <uses-permission android:name="android.permission.WRITE_EXTERNAL_STORAGE" />
15-->[:image_picker] AndroidManifest.xml:10:5-81
15-->[:image_picker] AndroidManifest.xml:10:22-78
16    <uses-permission android:name="android.permission.FOREGROUND_SERVICE" /> <!-- Include required permissions for Google Maps API to run. -->
16-->[:geolocator_android] AndroidManifest.xml:9:5-77
16-->[:geolocator_android] AndroidManifest.xml:9:22-74
17    <uses-permission android:name="android.permission.ACCESS_NETWORK_STATE" />
17-->[com.google.android.gms:play-services-maps:18.1.0] AndroidManifest.xml:23:5-79
17-->[com.google.android.gms:play-services-maps:18.1.0] AndroidManifest.xml:23:22-76
18
19    <uses-feature
19-->[com.google.android.gms:play-services-maps:18.1.0] AndroidManifest.xml:26:5-28:35
20        android:glEsVersion="0x00020000"
20-->[com.google.android.gms:play-services-maps:18.1.0] AndroidManifest.xml:27:9-41
21        android:required="true" />
21-->[com.google.android.gms:play-services-maps:18.1.0] AndroidManifest.xml:28:9-32
22
23    <queries>
23-->[com.google.android.gms:play-services-maps:18.1.0] AndroidManifest.xml:30:5-34:15
24
25        <!-- Needs to be explicitly declared on Android R+ -->
26        <package android:name="com.google.android.apps.maps" />
26-->[com.google.android.gms:play-services-maps:18.1.0] AndroidManifest.xml:33:9-64
26-->[com.google.android.gms:play-services-maps:18.1.0] AndroidManifest.xml:33:18-61
27    </queries>
28
29    <permission
29-->[androidx.core:core:1.9.0] AndroidManifest.xml:22:5-24:47
30        android:name="com.example.limona.DYNAMIC_RECEIVER_NOT_EXPORTED_PERMISSION"
30-->[androidx.core:core:1.9.0] AndroidManifest.xml:23:9-81
31        android:protectionLevel="signature" />
31-->[androidx.core:core:1.9.0] AndroidManifest.xml:24:9-44
32
33    <uses-permission android:name="com.example.limona.DYNAMIC_RECEIVER_NOT_EXPORTED_PERMISSION" />
33-->[androidx.core:core:1.9.0] AndroidManifest.xml:26:5-97
33-->[androidx.core:core:1.9.0] AndroidManifest.xml:26:22-94
34
35    <application
36        android:name="android.app.Application"
36-->src\main\AndroidManifest.xml:5:9-42
37        android:appComponentFactory="androidx.core.app.CoreComponentFactory"
37-->[androidx.core:core:1.9.0] AndroidManifest.xml:28:18-86
38        android:icon="@mipmap/ic_launcher"
38-->src\main\AndroidManifest.xml:6:9-43
39        android:label="limona" >
39-->src\main\AndroidManifest.xml:4:9-31
40        <activity
40-->src\main\AndroidManifest.xml:7:9-27:20
41            android:name="com.example.limona.MainActivity"
41-->src\main\AndroidManifest.xml:8:13-41
42            android:configChanges="orientation|keyboardHidden|keyboard|screenSize|smallestScreenSize|locale|layoutDirection|fontScale|screenLayout|density|uiMode"
42-->src\main\AndroidManifest.xml:12:13-163
43            android:exported="true"
43-->src\main\AndroidManifest.xml:9:13-36
44            android:hardwareAccelerated="true"
44-->src\main\AndroidManifest.xml:13:13-47
45            android:launchMode="singleTop"
45-->src\main\AndroidManifest.xml:10:13-43
46            android:theme="@style/LaunchTheme"
46-->src\main\AndroidManifest.xml:11:13-47
47            android:windowSoftInputMode="adjustResize" >
47-->src\main\AndroidManifest.xml:14:13-55
48
49            <!--
50                 Specifies an Android theme to apply to this Activity as soon as
51                 the Android process has started. This theme is visible to the user
52                 while the Flutter UI initializes. After that, this theme continues
53                 to determine the Window background behind the Flutter UI.
54            -->
55            <meta-data
55-->src\main\AndroidManifest.xml:19:13-22:19
56                android:name="io.flutter.embedding.android.NormalTheme"
56-->src\main\AndroidManifest.xml:20:17-72
57                android:resource="@style/NormalTheme" />
57-->src\main\AndroidManifest.xml:21:17-54
58
59            <intent-filter>
59-->src\main\AndroidManifest.xml:23:13-26:29
60                <action android:name="android.intent.action.MAIN" />
60-->src\main\AndroidManifest.xml:24:17-68
60-->src\main\AndroidManifest.xml:24:25-66
61
62                <category android:name="android.intent.category.LAUNCHER" />
62-->src\main\AndroidManifest.xml:25:17-76
62-->src\main\AndroidManifest.xml:25:27-74
63            </intent-filter>
64        </activity>
65        <!--
66             Don't delete the meta-data below.
67             This is used by the Flutter tool to generate GeneratedPluginRegistrant.java
68        -->
69        <meta-data
69-->src\main\AndroidManifest.xml:30:9-32:33
70            android:name="flutterEmbedding"
70-->src\main\AndroidManifest.xml:31:13-44
71            android:value="2" />
71-->src\main\AndroidManifest.xml:32:13-30
72        <meta-data
72-->src\main\AndroidManifest.xml:33:9-34:70
73            android:name="com.google.android.geo.API_KEY"
73-->src\main\AndroidManifest.xml:33:20-65
74            android:value="AIzaSyBY5ecdaEP_jt2qCno7q_aZ5oLDdpPLzLw" />
74-->src\main\AndroidManifest.xml:34:13-68
75
76        <provider
76-->[:image_picker] AndroidManifest.xml:13:9-21:20
77            android:name="io.flutter.plugins.imagepicker.ImagePickerFileProvider"
77-->[:image_picker] AndroidManifest.xml:14:13-82
78            android:authorities="com.example.limona.flutter.image_provider"
78-->[:image_picker] AndroidManifest.xml:15:13-74
79            android:exported="false"
79-->[:image_picker] AndroidManifest.xml:16:13-37
80            android:grantUriPermissions="true" >
80-->[:image_picker] AndroidManifest.xml:17:13-47
81            <meta-data
81-->[:image_picker] AndroidManifest.xml:18:13-20:75
82                android:name="android.support.FILE_PROVIDER_PATHS"
82-->[:image_picker] AndroidManifest.xml:19:17-67
83                android:resource="@xml/flutter_image_picker_file_paths" />
83-->[:image_picker] AndroidManifest.xml:20:17-72
84        </provider>
85
86        <service
86-->[:geolocator_android] AndroidManifest.xml:12:9-16:56
87            android:name="com.baseflow.geolocator.GeolocatorLocationService"
87-->[:geolocator_android] AndroidManifest.xml:13:13-77
88            android:enabled="true"
88-->[:geolocator_android] AndroidManifest.xml:14:13-35
89            android:exported="false"
89-->[:geolocator_android] AndroidManifest.xml:15:13-37
90            android:foregroundServiceType="location" />
90-->[:geolocator_android] AndroidManifest.xml:16:13-53
91
92        <uses-library
92-->[androidx.window:window:1.0.0-beta04] AndroidManifest.xml:25:9-27:40
93            android:name="androidx.window.extensions"
93-->[androidx.window:window:1.0.0-beta04] AndroidManifest.xml:26:13-54
94            android:required="false" />
94-->[androidx.window:window:1.0.0-beta04] AndroidManifest.xml:27:13-37
95        <uses-library
95-->[androidx.window:window:1.0.0-beta04] AndroidManifest.xml:28:9-30:40
96            android:name="androidx.window.sidecar"
96-->[androidx.window:window:1.0.0-beta04] AndroidManifest.xml:29:13-51
97            android:required="false" /> <!-- Needs to be explicitly declared on P+ -->
97-->[androidx.window:window:1.0.0-beta04] AndroidManifest.xml:30:13-37
98        <uses-library
98-->[com.google.android.gms:play-services-maps:18.1.0] AndroidManifest.xml:39:9-41:40
99            android:name="org.apache.http.legacy"
99-->[com.google.android.gms:play-services-maps:18.1.0] AndroidManifest.xml:40:13-50
100            android:required="false" />
100-->[com.google.android.gms:play-services-maps:18.1.0] AndroidManifest.xml:41:13-37
101
102        <activity
102-->[com.google.android.gms:play-services-base:18.1.0] AndroidManifest.xml:20:9-22:45
103            android:name="com.google.android.gms.common.api.GoogleApiActivity"
103-->[com.google.android.gms:play-services-base:18.1.0] AndroidManifest.xml:20:19-85
104            android:exported="false"
104-->[com.google.android.gms:play-services-base:18.1.0] AndroidManifest.xml:22:19-43
105            android:theme="@android:style/Theme.Translucent.NoTitleBar" />
105-->[com.google.android.gms:play-services-base:18.1.0] AndroidManifest.xml:21:19-78
106
107        <meta-data
107-->[com.google.android.gms:play-services-basement:18.1.0] AndroidManifest.xml:21:9-23:69
108            android:name="com.google.android.gms.version"
108-->[com.google.android.gms:play-services-basement:18.1.0] AndroidManifest.xml:22:13-58
109            android:value="@integer/google_play_services_version" />
109-->[com.google.android.gms:play-services-basement:18.1.0] AndroidManifest.xml:23:13-66
110    </application>
111
112</manifest>